{"level":"debug","datetime":"2025-04-23T07:51:33.517Z","message":"HSM raw data","data":[{"stat":"Ok","type":"cn","msg":"successful","stCode":200}],"functionName":"conversion"}
{"level":"error","datetime":"2025-04-23T07:55:05.300Z","message":"invalid parameter:","data":{"input":"ohlc"},"functionName":"on"}
{"level":"error","datetime":"2025-04-23T07:55:05.278Z","message":"invalid parameter:","data":{"input":"ticks"},"functionName":"on"}
{"level":"debug","datetime":"2025-04-23T08:24:39.761Z","message":"HSM raw data","data":[{"stat":"Ok","type":"cn","msg":"successful","stCode":200}],"functionName":"conversion"}
{"level":"debug","datetime":"2025-04-23T08:24:39.843Z","message":"HSM raw data","data":[{"stat":"Ok","type":"sub","msg":"successful","stCode":200}],"functionName":"conversion"}
{"level":"debug","datetime":"2025-04-23T08:24:39.853Z","message":"HSM raw data","data":[{"stat":"Ok","type":"cp","msg":"successful","stCode":200}],"functionName":"conversion"}
{"level":"debug","datetime":"2025-04-23T08:24:39.855Z","message":"HSM raw data","data":[{"stat":"Ok","type":"cr","msg":"successful","stCode":200}],"functionName":"conversion"}
{"level":"debug","datetime":"2025-04-23T08:24:39.860Z","message":"HSM raw data","data":[{"ltp":3408.2,"v":2343761,"ltt":1745396676,"fdtm":1745396678,"bq":175,"bs":1768,"bp":3408.1,"sp":3408.3,"ltq":19,"tbq":140666,"tsq":151921,"ap":3391.15,"oi":0,"lo":3337.3,"h":3420.9,"yh":4592.25,"yl":3056.05,"lcl":2983,"ucl":3645.8,"op":3365,"c":3314.4,"cng":93.8,"nc":2.83,"to":794804511515,"ts":"TCS-EQ","name":"sf","tk":"11536","e":"nse_cm"}],"functionName":"conversion"}
{"level":"debug","datetime":"2025-04-23T08:24:40.233Z","message":"HSM raw data","data":[{"fdtm":1745396679,"tbq":140655,"tsq":151900,"name":"sf","tk":"11536","e":"nse_cm"}],"functionName":"conversion"}
{"level":"debug","datetime":"2025-04-23T08:24:40.971Z","message":"HSM raw data","data":[{"ltp":3408.8,"v":2352537,"ltt":1745396680,"fdtm":1745396680,"bq":26,"bs":26,"bp":3408.6,"sp":3409,"ltq":225,"tbq":141034,"tsq":148534,"ap":3391.22,"cng":94.4,"nc":2.85,"to":797797052514,"name":"sf","tk":"11536","e":"nse_cm"}],"functionName":"conversion"}
{"level":"debug","datetime":"2025-04-23T08:24:41.363Z","message":"HSM raw data","data":[{"ltp":3408.5,"ltq":5,"cng":94.1,"nc":2.84,"name":"sf","tk":"11536","e":"nse_cm"}],"functionName":"conversion"}
{"level":"debug","datetime":"2025-04-23T08:24:41.770Z","message":"HSM raw data","data":[{"ltp":3409,"fdtm":1745396681,"ltq":26,"cng":94.6,"nc":2.85,"name":"sf","tk":"11536","e":"nse_cm"}],"functionName":"conversion"}
{"level":"debug","datetime":"2025-04-23T08:24:42.172Z","message":"HSM raw data","data":[{"ltp":3409.8,"v":2353139,"ltt":1745396681,"bq":67,"bs":4,"bp":3408.9,"sp":3409.9,"ltq":14,"tbq":141214,"tsq":148206,"cng":95.4,"nc":2.88,"to":798001203958,"name":"sf","tk":"11536","e":"nse_cm"}],"functionName":"conversion"}
{"level":"debug","datetime":"2025-04-23T08:24:43.432Z","message":"HSM raw data","data":[{"ltp":3409.9,"v":2353144,"ltt":1745396682,"fdtm":1745396682,"bq":71,"bs":15,"ltq":1,"tbq":141177,"tsq":148934,"cng":95.5,"nc":2.88,"to":798002899568,"name":"sf","tk":"11536","e":"nse_cm"}],"functionName":"conversion"}
{"level":"debug","datetime":"2025-04-23T08:24:44.168Z","message":"HSM raw data","data":[{"fdtm":1745396683,"bq":27,"tbq":140763,"tsq":149007,"name":"sf","tk":"11536","e":"nse_cm"}],"functionName":"conversion"}
{"level":"debug","datetime":"2025-04-23T08:24:44.970Z","message":"HSM raw data","data":[{"fdtm":1745396684,"ltq":3,"name":"sf","tk":"11536","e":"nse_cm"}],"functionName":"conversion"}
{"level":"debug","datetime":"2025-04-23T08:24:45.356Z","message":"HSM raw data","data":[{"ltp":3408.9,"v":2353150,"ltt":1745396684,"bq":201,"bs":12,"ltq":1,"tbq":140777,"tsq":149015,"cng":94.5,"nc":2.85,"to":798004934300,"name":"sf","tk":"11536","e":"nse_cm"}],"functionName":"conversion"}
{"level":"debug","datetime":"2025-04-23T08:24:45.775Z","message":"HSM raw data","data":[{"ltp":3409.9,"fdtm":1745396685,"ltq":5,"cng":95.5,"nc":2.88,"name":"sf","tk":"11536","e":"nse_cm"}],"functionName":"conversion"}
{"level":"debug","datetime":"2025-04-23T08:24:46.578Z","message":"HSM raw data","data":[{"v":2353162,"ltt":1745396685,"bq":169,"bs":1,"bp":3409.2,"ltq":2,"tbq":140963,"tsq":148940,"to":798009003764,"name":"sf","tk":"11536","e":"nse_cm"}],"functionName":"conversion"}
{"level":"debug","datetime":"2025-04-23T08:24:47.146Z","message":"HSM raw data","data":[{"ltp":3410,"fdtm":1745396686,"ltq":15,"cng":95.6,"nc":2.88,"name":"sf","tk":"11536","e":"nse_cm"}],"functionName":"conversion"}
{"level":"debug","datetime":"2025-04-23T08:24:47.383Z","message":"HSM raw data","data":[{"ltp":3409.2,"v":2353290,"ltt":1745396686,"bq":202,"bs":5,"bp":3409.3,"ltq":5,"tbq":140959,"tsq":148819,"cng":94.8,"nc":2.86,"to":798052411380,"name":"sf","tk":"11536","e":"nse_cm"}],"functionName":"conversion"}
{"level":"debug","datetime":"2025-04-23T08:24:47.769Z","message":"HSM raw data","data":[{"ltp":3409.3,"v":2353295,"fdtm":1745396687,"bq":197,"ltq":32,"tbq":140885,"tsq":148980,"cng":94.9,"nc":2.86,"to":798054106990,"name":"sf","tk":"11536","e":"nse_cm"}],"functionName":"conversion"}
{"level":"debug","datetime":"2025-04-23T08:24:48.181Z","message":"HSM raw data","data":[{"v":2353328,"ltt":1745396687,"bq":164,"ltq":1,"tbq":140839,"tsq":149058,"to":798065298016,"name":"sf","tk":"11536","e":"nse_cm"}],"functionName":"conversion"}
{"level":"debug","datetime":"2025-04-23T08:24:48.586Z","message":"HSM raw data","data":[{"tbq":140829,"name":"sf","tk":"11536","e":"nse_cm"}],"functionName":"conversion"}
{"level":"debug","datetime":"2025-04-23T08:24:48.977Z","message":"HSM raw data","data":[{"ltp":3409.9,"fdtm":1745396688,"ltq":4,"cng":95.5,"nc":2.88,"name":"sf","tk":"11536","e":"nse_cm"}],"functionName":"conversion"}
{"level":"debug","datetime":"2025-04-23T08:24:49.382Z","message":"HSM raw data","data":[{"v":2353333,"ltt":1745396688,"bq":1,"bs":1525,"bp":3409.6,"sp":3410,"tbq":141056,"tsq":149003,"to":798066993626,"name":"sf","tk":"11536","e":"nse_cm"}],"functionName":"conversion"}
{"level":"debug","datetime":"2025-04-23T08:24:49.767Z","message":"HSM raw data","data":[{"bq":13,"tbq":141320,"tsq":148968,"name":"sf","tk":"11536","e":"nse_cm"}],"functionName":"conversion"}
{"level":"debug","datetime":"2025-04-23T08:24:50.669Z","message":"HSM raw data","data":[{"ltp":3410,"v":2353478,"ltt":1745396690,"fdtm":1745396690,"bq":103,"bs":1436,"ltq":18,"tbq":141558,"tsq":148840,"cng":95.6,"nc":2.88,"to":798116166316,"name":"sf","tk":"11536","e":"nse_cm"}],"functionName":"conversion"}
{"level":"debug","datetime":"2025-04-23T08:24:51.368Z","message":"HSM raw data","data":[{"v":2353485,"bq":177,"bs":1429,"bp":3409.8,"ltq":4,"tbq":141609,"tsq":148648,"to":798118540170,"name":"sf","tk":"11536","e":"nse_cm"}],"functionName":"conversion"}
{"level":"debug","datetime":"2025-04-23T08:24:52.174Z","message":"HSM raw data","data":[{"fdtm":1745396691,"bq":184,"tbq":141589,"tsq":148657,"name":"sf","tk":"11536","e":"nse_cm"}],"functionName":"conversion"}
{"level":"debug","datetime":"2025-04-23T08:24:52.966Z","message":"HSM raw data","data":[{"v":2353705,"ltt":1745396691,"bq":7,"bs":1223,"ltq":191,"tbq":141133,"tsq":148218,"to":798193147010,"name":"sf","tk":"11536","e":"nse_cm"}],"functionName":"conversion"}
{"level":"debug","datetime":"2025-04-23T08:24:53.380Z","message":"HSM raw data","data":[{"fdtm":1745396692,"tbq":141140,"tsq":148486,"name":"sf","tk":"11536","e":"nse_cm"}],"functionName":"conversion"}
{"level":"debug","datetime":"2025-04-23T08:24:53.877Z","message":"HSM raw data","data":[{"ltp":3409.6,"v":2353985,"ltt":1745396692,"fdtm":1745396693,"bq":81,"bs":1023,"bp":3409.6,"ltq":8,"tbq":141006,"tsq":148402,"ap":3391.23,"cng":95.2,"nc":2.87,"to":798290455155,"name":"sf","tk":"11536","e":"nse_cm"}],"functionName":"conversion"}
{"level":"debug","datetime":"2025-04-23T08:24:54.180Z","message":"HSM raw data","data":[{"ltp":3410,"v":2355011,"ltt":1745396693,"bq":82,"bs":80,"sp":3410.1,"ltq":1,"tbq":141158,"tsq":147260,"ap":3391.24,"cng":95.6,"nc":2.88,"to":798640750364,"name":"sf","tk":"11536","e":"nse_cm"}],"functionName":"conversion"}
{"level":"debug","datetime":"2025-04-23T08:24:54.685Z","message":"HSM raw data","data":[{"ltp":3410.1,"ltq":2,"cng":95.7,"nc":2.89,"name":"sf","tk":"11536","e":"nse_cm"}],"functionName":"conversion"}
{"level":"debug","datetime":"2025-04-23T08:24:55.081Z","message":"HSM raw data","data":[{"ltp":3410,"v":2355025,"fdtm":1745396694,"bs":4,"sp":3410,"tbq":141179,"tsq":143906,"cng":95.6,"nc":2.88,"to":798645498100,"name":"sf","tk":"11536","e":"nse_cm"}],"functionName":"conversion"}
{"level":"debug","datetime":"2025-04-23T08:24:55.485Z","message":"HSM raw data","data":[{"tsq":147386,"name":"sf","tk":"11536","e":"nse_cm"}],"functionName":"conversion"}
{"level":"debug","datetime":"2025-04-23T08:24:56.291Z","message":"HSM raw data","data":[{"v":2355040,"ltt":1745396695,"fdtm":1745396695,"bq":1,"bs":2,"bp":3409.8,"ltq":1,"tbq":141237,"tsq":147220,"to":798650584960,"name":"sf","tk":"11536","e":"nse_cm"}],"functionName":"conversion"}
{"level":"debug","datetime":"2025-04-23T08:24:57.092Z","message":"HSM raw data","data":[{"fdtm":1745396696,"bs":7,"tbq":141231,"tsq":147233,"name":"sf","tk":"11536","e":"nse_cm"}],"functionName":"conversion"}
{"level":"debug","datetime":"2025-04-23T08:24:57.473Z","message":"HSM raw data","data":[{"bq":100,"bp":3409.9,"tbq":141509,"tsq":147208,"name":"sf","tk":"11536","e":"nse_cm"}],"functionName":"conversion"}
{"level":"debug","datetime":"2025-04-23T08:24:57.888Z","message":"HSM raw data","data":[{"fdtm":1745396697,"ltq":2,"name":"sf","tk":"11536","e":"nse_cm"}],"functionName":"conversion"}
{"level":"debug","datetime":"2025-04-23T08:24:58.277Z","message":"HSM raw data","data":[{"v":2355042,"ltt":1745396697,"bs":8,"tbq":141501,"tsq":147251,"to":798651263208,"name":"sf","tk":"11536","e":"nse_cm"}],"functionName":"conversion"}
{"level":"debug","datetime":"2025-04-23T08:24:59.089Z","message":"HSM raw data","data":[{"fdtm":1745396698,"tbq":141415,"tsq":147261,"name":"sf","tk":"11536","e":"nse_cm"}],"functionName":"conversion"}
{"level":"debug","datetime":"2025-04-23T08:25:00.279Z","message":"HSM raw data","data":[{"v":2355043,"ltt":1745396699,"fdtm":1745396699,"bs":7,"ltq":1,"tbq":141356,"tsq":147270,"to":798651602332,"name":"sf","tk":"11536","e":"nse_cm"}],"functionName":"conversion"}
{"level":"debug","datetime":"2025-04-23T08:25:01.085Z","message":"HSM raw data","data":[{"ltp":3409.9,"fdtm":1745396700,"ltq":45,"cng":95.5,"nc":2.88,"name":"sf","tk":"11536","e":"nse_cm"}],"functionName":"conversion"}
{"level":"debug","datetime":"2025-04-23T08:25:01.491Z","message":"HSM raw data","data":[{"v":2355088,"bq":72,"tbq":140615,"tsq":146052,"to":798666862912,"name":"sf","tk":"11536","e":"nse_cm"}],"functionName":"conversion"}
{"level":"debug","datetime":"2025-04-23T08:25:01.875Z","message":"HSM raw data","data":[{"fdtm":1745396701,"ltq":25,"name":"sf","tk":"11536","e":"nse_cm"}],"functionName":"conversion"}
{"level":"debug","datetime":"2025-04-23T08:25:03.488Z","message":"HSM raw data","data":[{"ltp":3410,"fdtm":1745396702,"ltq":1,"cng":95.6,"nc":2.88,"name":"sf","tk":"11536","e":"nse_cm"}],"functionName":"conversion"}
{"level":"debug","datetime":"2025-04-23T08:25:03.893Z","message":"HSM raw data","data":[{"ltp":3409.9,"fdtm":1745396703,"ltq":15,"cng":95.5,"nc":2.88,"name":"sf","tk":"11536","e":"nse_cm"}],"functionName":"conversion"}
{"level":"debug","datetime":"2025-04-23T08:25:05.489Z","message":"HSM raw data","data":[{"ltp":3410,"fdtm":1745396704,"ltq":3,"cng":95.6,"nc":2.88,"name":"sf","tk":"11536","e":"nse_cm"}],"functionName":"conversion"}
{"level":"debug","datetime":"2025-04-23T08:25:05.902Z","message":"HSM raw data","data":[{"ltp":3410.3,"fdtm":1745396705,"ltq":11,"cng":95.9,"nc":2.89,"name":"sf","tk":"11536","e":"nse_cm"}],"functionName":"conversion"}
{"level":"debug","datetime":"2025-04-23T08:25:07.497Z","message":"HSM raw data","data":[{"ltp":3410.2,"v":2355343,"ltt":1745396705,"fdtm":1745396706,"bq":17,"bs":27,"bp":3410.2,"sp":3410.3,"ltq":30,"tbq":141136,"tsq":147356,"cng":95.8,"nc":2.89,"to":798753339532,"name":"sf","tk":"11536","e":"nse_cm"}],"functionName":"conversion"}
{"level":"debug","datetime":"2025-04-23T08:25:07.895Z","message":"HSM raw data","data":[{"ltp":3410.3,"fdtm":1745396707,"ltq":1,"cng":95.9,"nc":2.89,"name":"sf","tk":"11536","e":"nse_cm"}],"functionName":"conversion"}
{"level":"debug","datetime":"2025-04-23T08:25:08.296Z","message":"HSM raw data","data":[{"v":2355344,"ltt":1745396706,"bs":7,"tsq":147339,"to":798753678656,"name":"sf","tk":"11536","e":"nse_cm"}],"functionName":"conversion"}
{"level":"debug","datetime":"2025-04-23T08:25:09.497Z","message":"HSM raw data","data":[{"ltp":3409.9,"fdtm":1745396708,"ltq":53,"cng":95.5,"nc":2.88,"name":"sf","tk":"11536","e":"nse_cm"}],"functionName":"conversion"}
{"level":"debug","datetime":"2025-04-23T08:25:11.905Z","message":"HSM raw data","data":[{"ltp":3410,"fdtm":1745396711,"ltq":8,"cng":95.6,"nc":2.88,"name":"sf","tk":"11536","e":"nse_cm"}],"functionName":"conversion"}
{"level":"debug","datetime":"2025-04-23T08:25:13.184Z","message":"HSM raw data","data":[{"v":2355894,"ltt":1745396710,"fdtm":1745396712,"bq":51,"bs":692,"bp":3409.4,"sp":3409.6,"tbq":140757,"tsq":147358,"to":798940196856,"name":"sf","tk":"11536","e":"nse_cm"}],"functionName":"conversion"}
{"level":"debug","datetime":"2025-04-23T08:25:13.899Z","message":"HSM raw data","data":[{"fdtm":1745396713,"tsq":147594,"name":"sf","tk":"11536","e":"nse_cm"}],"functionName":"conversion"}
{"level":"debug","datetime":"2025-04-23T08:25:15.508Z","message":"HSM raw data","data":[{"ltp":3409.8,"fdtm":1745396714,"ltq":12,"cng":95.4,"nc":2.88,"name":"sf","tk":"11536","e":"nse_cm"}],"functionName":"conversion"}
{"level":"debug","datetime":"2025-04-23T08:25:17.522Z","message":"HSM raw data","data":[{"fdtm":1745396716,"ltq":15,"name":"sf","tk":"11536","e":"nse_cm"}],"functionName":"conversion"}
{"level":"debug","datetime":"2025-04-23T08:25:18.725Z","message":"HSM raw data","data":[{"ltp":3409.6,"v":2355928,"ltt":1745396717,"fdtm":1745396717,"bq":1,"bp":3409.6,"sp":3409.8,"ltq":1,"tbq":140676,"tsq":147671,"cng":95.2,"nc":2.87,"to":798951727072,"name":"sf","tk":"11536","e":"nse_cm"}],"functionName":"conversion"}
{"level":"debug","datetime":"2025-04-23T08:25:19.208Z","message":"HSM raw data","data":[{"v":2355934,"ltt":1745396718,"fdtm":1745396718,"bq":84,"bp":3409.2,"sp":3409.7,"ltq":5,"tbq":140641,"tsq":148099,"to":798953761816,"name":"sf","tk":"11536","e":"nse_cm"}],"functionName":"conversion"}
{"level":"debug","datetime":"2025-04-23T08:25:23.621Z","message":"HSM raw data","data":[{"ltp":3409.2,"fdtm":1745396722,"ltq":14,"cng":94.8,"nc":2.86,"name":"sf","tk":"11536","e":"nse_cm"}],"functionName":"conversion"}
{"level":"debug","datetime":"2025-04-23T08:25:24.032Z","message":"HSM raw data","data":[{"v":2356218,"ltt":1745396723,"fdtm":1745396723,"bq":50,"bs":33,"bp":3408.9,"sp":3409.5,"ltq":66,"tbq":140669,"tsq":148402,"to":799050073032,"name":"sf","tk":"11536","e":"nse_cm"}],"functionName":"conversion"}
{"level":"debug","datetime":"2025-04-23T08:25:24.836Z","message":"HSM raw data","data":[{"ltp":3409.5,"v":2356261,"bq":36,"bs":639,"ltq":30,"tbq":140811,"tsq":147891,"cng":95.1,"nc":2.87,"to":799064655364,"name":"sf","tk":"11536","e":"nse_cm"}],"functionName":"conversion"}
{"level":"debug","datetime":"2025-04-23T08:25:25.716Z","message":"HSM raw data","data":[{"fdtm":1745396724,"ltq":19,"name":"sf","tk":"11536","e":"nse_cm"}],"functionName":"conversion"}
{"level":"debug","datetime":"2025-04-23T08:25:27.728Z","message":"HSM raw data","data":[{"fdtm":1745396726,"ltq":1,"name":"sf","tk":"11536","e":"nse_cm"}],"functionName":"conversion"}
{"level":"debug","datetime":"2025-04-23T08:25:29.688Z","message":"HSM raw data","data":[{"ltp":3409.2,"v":2356375,"ltt":1745396728,"fdtm":1745396729,"bq":44,"bs":527,"bp":3408.8,"tbq":140546,"tsq":147746,"ap":3391.25,"cng":94.8,"nc":2.86,"to":799105671875,"name":"sf","tk":"11536","e":"nse_cm"}],"functionName":"conversion"}
{"level":"debug","datetime":"2025-04-23T08:25:30.373Z","message":"HSM raw data","data":[{"v":2356376,"ltt":1745396729,"bq":1,"bs":702,"bp":3409.2,"tbq":140516,"tsq":147995,"to":799106011000,"name":"sf","tk":"11536","e":"nse_cm"}],"functionName":"conversion"}
{"level":"debug","datetime":"2025-04-23T08:25:31.762Z","message":"HSM raw data","data":[{"ltp":3409.5,"fdtm":1745396730,"ltq":46,"cng":95.1,"nc":2.87,"name":"sf","tk":"11536","e":"nse_cm"}],"functionName":"conversion"}
{"level":"debug","datetime":"2025-04-23T08:25:32.095Z","message":"HSM raw data","data":[{"ltp":3409.2,"fdtm":1745396731,"ltq":1,"cng":94.8,"nc":2.86,"name":"sf","tk":"11536","e":"nse_cm"}],"functionName":"conversion"}
{"level":"debug","datetime":"2025-04-23T08:25:33.703Z","message":"HSM raw data","data":[{"ltp":3409,"fdtm":1745396732,"ltq":19,"cng":94.6,"nc":2.85,"name":"sf","tk":"11536","e":"nse_cm"}],"functionName":"conversion"}
{"level":"debug","datetime":"2025-04-23T08:25:34.008Z","message":"HSM raw data","data":[{"fdtm":1745396733,"ltq":2,"name":"sf","tk":"11536","e":"nse_cm"}],"functionName":"conversion"}
{"level":"debug","datetime":"2025-04-23T08:25:35.294Z","message":"HSM raw data","data":[{"v":2356513,"ltt":1745396733,"fdtm":1745396734,"bq":33,"bs":100,"bp":3408.8,"sp":3409,"ltq":19,"tbq":140019,"tsq":148062,"to":799152471125,"name":"sf","tk":"11536","e":"nse_cm"}],"functionName":"conversion"}
{"level":"debug","datetime":"2025-04-23T08:25:35.703Z","message":"HSM raw data","data":[{"fdtm":1745396735,"ltq":10,"tbq":140194,"name":"sf","tk":"11536","e":"nse_cm"}],"functionName":"conversion"}
{"level":"debug","datetime":"2025-04-23T08:25:37.776Z","message":"HSM raw data","data":[{"fdtm":1745396736,"ltq":2,"name":"sf","tk":"11536","e":"nse_cm"}],"functionName":"conversion"}
{"level":"debug","datetime":"2025-04-23T08:25:38.116Z","message":"HSM raw data","data":[{"fdtm":1745396737,"ltq":1,"name":"sf","tk":"11536","e":"nse_cm"}],"functionName":"conversion"}
{"level":"debug","datetime":"2025-04-23T08:25:40.109Z","message":"HSM raw data","data":[{"ltp":3409.3,"fdtm":1745396739,"ltq":2,"cng":94.9,"nc":2.86,"name":"sf","tk":"11536","e":"nse_cm"}],"functionName":"conversion"}
{"level":"debug","datetime":"2025-04-23T08:25:40.516Z","message":"HSM raw data","data":[{"ltp":3409.2,"v":2356639,"ltt":1745396739,"bq":14,"bs":10,"bp":3409,"sp":3409.3,"ltq":1,"tbq":140692,"tsq":148665,"cng":94.8,"nc":2.86,"to":799195200875,"name":"sf","tk":"11536","e":"nse_cm"}],"functionName":"conversion"}
{"level":"debug","datetime":"2025-04-23T08:25:41.305Z","message":"HSM raw data","data":[{"ltp":3409,"v":2356659,"ltt":1745396740,"fdtm":1745396740,"bq":13,"bs":12,"tbq":140740,"tsq":148702,"cng":94.6,"nc":2.85,"to":799201983375,"name":"sf","tk":"11536","e":"nse_cm"}],"functionName":"conversion"}
{"level":"debug","datetime":"2025-04-23T08:25:42.120Z","message":"HSM raw data","data":[{"fdtm":1745396741,"name":"sf","tk":"11536","e":"nse_cm"}],"functionName":"conversion"}
{"level":"debug","datetime":"2025-04-23T08:25:43.721Z","message":"HSM raw data","data":[{"ltp":3409.3,"fdtm":1745396742,"ltq":19,"cng":94.9,"nc":2.86,"name":"sf","tk":"11536","e":"nse_cm"}],"functionName":"conversion"}
{"level":"debug","datetime":"2025-04-23T08:25:45.327Z","message":"HSM raw data","data":[{"fdtm":1745396744,"ltq":4,"name":"sf","tk":"11536","e":"nse_cm"}],"functionName":"conversion"}
{"level":"debug","datetime":"2025-04-23T08:25:46.126Z","message":"HSM raw data","data":[{"ltp":3409,"v":2356821,"ltt":1745396745,"fdtm":1745396745,"bq":27,"bs":512,"ltq":1,"tbq":140863,"tsq":148747,"cng":94.6,"nc":2.85,"to":799256921625,"name":"sf","tk":"11536","e":"nse_cm"}],"functionName":"conversion"}
{"level":"debug","datetime":"2025-04-23T08:25:46.600Z","message":"HSM raw data","data":[{"ltp":3409.3,"v":2356840,"bs":498,"ltq":13,"tbq":140845,"tsq":148756,"cng":94.9,"nc":2.86,"to":799263365000,"name":"sf","tk":"11536","e":"nse_cm"}],"functionName":"conversion"}
{"level":"debug","datetime":"2025-04-23T08:25:47.337Z","message":"HSM raw data","data":[{"ltp":3409,"fdtm":1745396746,"ltq":1,"cng":94.6,"nc":2.85,"name":"sf","tk":"11536","e":"nse_cm"}],"functionName":"conversion"}
{"level":"debug","datetime":"2025-04-23T08:25:49.759Z","message":"HSM raw data","data":[{"fdtm":1745396749,"name":"sf","tk":"11536","e":"nse_cm"}],"functionName":"conversion"}
{"level":"debug","datetime":"2025-04-23T08:25:51.447Z","message":"HSM raw data","data":[{"ltp":3409.2,"fdtm":1745396750,"ltq":30,"cng":94.8,"nc":2.86,"name":"sf","tk":"11536","e":"nse_cm"}],"functionName":"conversion"}
{"level":"debug","datetime":"2025-04-23T08:25:51.780Z","message":"HSM raw data","data":[{"v":2357124,"ltt":1745396749,"bq":12,"bs":15,"sp":3409.2,"tbq":140936,"tsq":148595,"to":799359676500,"name":"sf","tk":"11536","e":"nse_cm"}],"functionName":"conversion"}
{"level":"debug","datetime":"2025-04-23T08:25:53.455Z","message":"HSM raw data","data":[{"ltp":3409.3,"fdtm":1745396752,"ltq":4,"cng":94.9,"nc":2.86,"name":"sf","tk":"11536","e":"nse_cm"}],"functionName":"conversion"}
{"level":"debug","datetime":"2025-04-23T08:25:55.879Z","message":"HSM raw data","data":[{"ltp":3409.2,"fdtm":1745396754,"ltq":1,"cng":94.8,"nc":2.86,"name":"sf","tk":"11536","e":"nse_cm"}],"functionName":"conversion"}
{"level":"debug","datetime":"2025-04-23T08:25:57.419Z","message":"HSM raw data","data":[{"v":2357297,"ltt":1745396756,"fdtm":1745396756,"bq":285,"bs":382,"ltq":15,"tbq":141213,"tsq":148736,"to":799418345125,"name":"sf","tk":"11536","e":"nse_cm"}],"functionName":"conversion"}
{"level":"debug","datetime":"2025-04-23T08:25:58.220Z","message":"HSM raw data","data":[{"fdtm":1745396757,"ltq":2,"name":"sf","tk":"11536","e":"nse_cm"}],"functionName":"conversion"}
{"level":"debug","datetime":"2025-04-23T08:25:59.823Z","message":"HSM raw data","data":[{"ltp":3409,"fdtm":1745396759,"ltq":17,"cng":94.6,"nc":2.85,"name":"sf","tk":"11536","e":"nse_cm"}],"functionName":"conversion"}
{"level":"debug","datetime":"2025-04-23T08:26:01.825Z","message":"HSM raw data","data":[{"ltp":3409.3,"fdtm":1745396760,"ltq":88,"cng":94.9,"nc":2.86,"name":"sf","tk":"11536","e":"nse_cm"}],"functionName":"conversion"}
{"level":"debug","datetime":"2025-04-23T08:26:03.422Z","message":"HSM raw data","data":[{"v":2357641,"ltt":1745396759,"fdtm":1745396762,"bq":1,"bs":407,"bp":3409.2,"sp":3409.3,"tbq":141050,"tsq":148832,"ap":3391.26,"to":799537361766,"name":"sf","tk":"11536","e":"nse_cm"}],"functionName":"conversion"}
{"level":"debug","datetime":"2025-04-23T08:26:05.426Z","message":"HSM raw data","data":[{"fdtm":1745396764,"ltq":3,"name":"sf","tk":"11536","e":"nse_cm"}],"functionName":"conversion"}
{"level":"debug","datetime":"2025-04-23T08:26:05.818Z","message":"HSM raw data","data":[{"fdtm":1745396765,"ltq":9,"name":"sf","tk":"11536","e":"nse_cm"}],"functionName":"conversion"}
{"level":"debug","datetime":"2025-04-23T08:26:07.426Z","message":"HSM raw data","data":[{"fdtm":1745396766,"ltq":2,"name":"sf","tk":"11536","e":"nse_cm"}],"functionName":"conversion"}
{"level":"debug","datetime":"2025-04-23T08:26:09.425Z","message":"HSM raw data","data":[{"v":2357881,"ltt":1745396765,"fdtm":1745396768,"bq":15,"bs":21,"bp":3409.3,"sp":3409.4,"tbq":141091,"tsq":148784,"to":799618752006,"name":"sf","tk":"11536","e":"nse_cm"}],"functionName":"conversion"}
{"level":"debug","datetime":"2025-04-23T08:26:24.915Z","message":"HSM raw data","data":[{"stat":"Ok","type":"cn","msg":"successful","stCode":200}],"functionName":"conversion"}
{"level":"debug","datetime":"2025-04-23T08:26:24.995Z","message":"HSM raw data","data":[{"stat":"Ok","type":"sub","msg":"successful","stCode":200}],"functionName":"conversion"}
{"level":"debug","datetime":"2025-04-23T08:26:24.995Z","message":"HSM raw data","data":[{"stat":"Ok","type":"cp","msg":"successful","stCode":200}],"functionName":"conversion"}
{"level":"debug","datetime":"2025-04-23T08:26:25.003Z","message":"HSM raw data","data":[{"stat":"Ok","type":"cr","msg":"successful","stCode":200}],"functionName":"conversion"}
{"level":"debug","datetime":"2025-04-23T08:26:25.083Z","message":"HSM raw data","data":[{"ltp":3408.4,"v":2358936,"ltt":1745396780,"fdtm":1745396782,"bq":121,"bs":462,"bp":3408.4,"sp":3408.9,"ltq":14,"tbq":140445,"tsq":149188,"ap":3391.27,"oi":0,"lo":3337.3,"h":3420.9,"yh":4592.25,"yl":3056.05,"lcl":2983,"ucl":3645.8,"op":3365,"c":3314.4,"cng":94,"nc":2.84,"to":799978888872,"ts":"TCS-EQ","name":"sf","tk":"11536","e":"nse_cm"}],"functionName":"conversion"}
{"level":"debug","datetime":"2025-04-23T08:26:25.562Z","message":"HSM raw data","data":[{"ltp":3408.8,"fdtm":1745396784,"ltq":1,"cng":94.4,"nc":2.85,"name":"sf","tk":"11536","e":"nse_cm"}],"functionName":"conversion"}
{"level":"debug","datetime":"2025-04-23T08:26:27.478Z","message":"HSM raw data","data":[{"v":2358957,"ltt":1745396783,"fdtm":1745396786,"bq":143,"bs":444,"sp":3408.7,"tbq":140639,"tsq":149564,"to":799986010539,"name":"sf","tk":"11536","e":"nse_cm"}],"functionName":"conversion"}
{"level":"debug","datetime":"2025-04-23T08:26:27.958Z","message":"HSM raw data","data":[{"ltp":3408.4,"v":2359526,"ltt":1745396786,"bq":94,"bs":175,"sp":3409.1,"ltq":10,"tbq":140761,"tsq":148827,"cng":94,"nc":2.84,"to":800178973802,"name":"sf","tk":"11536","e":"nse_cm"}],"functionName":"conversion"}
{"level":"debug","datetime":"2025-04-23T08:26:29.895Z","message":"HSM raw data","data":[{"ltp":3409,"fdtm":1745396789,"ltq":1,"cng":94.6,"nc":2.85,"name":"sf","tk":"11536","e":"nse_cm"}],"functionName":"conversion"}
{"level":"debug","datetime":"2025-04-23T08:26:31.677Z","message":"HSM raw data","data":[{"ltp":3408.4,"fdtm":1745396790,"ltq":6,"cng":94,"nc":2.84,"name":"sf","tk":"11536","e":"nse_cm"}],"functionName":"conversion"}
{"level":"debug","datetime":"2025-04-23T08:26:32.089Z","message":"HSM raw data","data":[{"fdtm":1745396791,"ltq":10,"name":"sf","tk":"11536","e":"nse_cm"}],"functionName":"conversion"}
{"level":"debug","datetime":"2025-04-23T08:26:33.123Z","message":"HSM raw data","data":[{"v":2359602,"ltt":1745396790,"fdtm":1745396792,"bq":399,"bs":251,"sp":3409,"tbq":140517,"tsq":149244,"to":800204747454,"name":"sf","tk":"11536","e":"nse_cm"}],"functionName":"conversion"}
{"level":"debug","datetime":"2025-04-23T08:26:33.590Z","message":"HSM raw data","data":[{"tbq":140502,"tsq":149247,"name":"sf","tk":"11536","e":"nse_cm"}],"functionName":"conversion"}
{"level":"debug","datetime":"2025-04-23T08:26:34.100Z","message":"HSM raw data","data":[{"ltp":3409,"fdtm":1745396793,"ltq":123,"cng":94.6,"nc":2.85,"name":"sf","tk":"11536","e":"nse_cm"}],"functionName":"conversion"}
{"level":"debug","datetime":"2025-04-23T08:26:35.616Z","message":"HSM raw data","data":[{"fdtm":1745396794,"ltq":5,"name":"sf","tk":"11536","e":"nse_cm"}],"functionName":"conversion"}
{"level":"debug","datetime":"2025-04-23T08:26:35.959Z","message":"HSM raw data","data":[{"fdtm":1745396795,"ltq":10,"name":"sf","tk":"11536","e":"nse_cm"}],"functionName":"conversion"}
{"level":"debug","datetime":"2025-04-23T08:26:37.731Z","message":"HSM raw data","data":[{"fdtm":1745396796,"ltq":1,"name":"sf","tk":"11536","e":"nse_cm"}],"functionName":"conversion"}
{"level":"debug","datetime":"2025-04-23T08:26:38.770Z","message":"HSM raw data","data":[{"v":2359866,"ltt":1745396798,"fdtm":1745396798,"bq":15,"bs":27,"bp":3409,"sp":3409.3,"tbq":140891,"tsq":149225,"to":800294276982,"name":"sf","tk":"11536","e":"nse_cm"}],"functionName":"conversion"}
{"level":"debug","datetime":"2025-04-23T08:26:39.180Z","message":"HSM raw data","data":[{"ltp":3409.3,"v":2359870,"bs":23,"ltq":4,"tsq":149221,"cng":94.9,"nc":2.86,"to":800295633490,"name":"sf","tk":"11536","e":"nse_cm"}],"functionName":"conversion"}
{"level":"debug","datetime":"2025-04-23T08:26:39.971Z","message":"HSM raw data","data":[{"fdtm":1745396799,"ltq":1,"name":"sf","tk":"11536","e":"nse_cm"}],"functionName":"conversion"}
{"level":"debug","datetime":"2025-04-23T08:26:41.578Z","message":"HSM raw data","data":[{"ltp":3408.5,"fdtm":1745396800,"ltq":9,"cng":94.1,"nc":2.84,"name":"sf","tk":"11536","e":"nse_cm"}],"functionName":"conversion"}
{"level":"debug","datetime":"2025-04-23T08:26:44.778Z","message":"HSM raw data","data":[{"ltp":3408.4,"v":2360341,"ltt":1745396803,"fdtm":1745396804,"bq":368,"bs":514,"bp":3408.4,"sp":3409,"ltq":2,"tbq":140526,"tsq":147789,"ap":3391.28,"cng":94,"nc":2.84,"to":800457722648,"name":"sf","tk":"11536","e":"nse_cm"}],"functionName":"conversion"}
{"level":"debug","datetime":"2025-04-23T08:26:45.766Z","message":"HSM raw data","data":[{"ltq":5,"name":"sf","tk":"11536","e":"nse_cm"}],"functionName":"conversion"}
{"level":"debug","datetime":"2025-04-23T08:26:47.587Z","message":"HSM raw data","data":[{"ltp":3409,"fdtm":1745396806,"ltq":1,"cng":94.6,"nc":2.85,"name":"sf","tk":"11536","e":"nse_cm"}],"functionName":"conversion"}
{"level":"debug","datetime":"2025-04-23T08:26:49.596Z","message":"HSM raw data","data":[{"ltp":3408.5,"fdtm":1745396808,"ltq":4,"cng":94.1,"nc":2.84,"name":"sf","tk":"11536","e":"nse_cm"}],"functionName":"conversion"}
{"level":"debug","datetime":"2025-04-23T08:26:50.387Z","message":"HSM raw data","data":[{"v":2360355,"ltt":1745396808,"fdtm":1745396809,"bq":214,"bs":62,"bp":3408.5,"tbq":141747,"tsq":149229,"to":800462470440,"name":"sf","tk":"11536","e":"nse_cm"}],"functionName":"conversion"}
{"level":"debug","datetime":"2025-04-23T08:26:51.584Z","message":"HSM raw data","data":[{"ltp":3408.6,"fdtm":1745396810,"ltq":175,"cng":94.2,"nc":2.84,"name":"sf","tk":"11536","e":"nse_cm"}],"functionName":"conversion"}
{"level":"debug","datetime":"2025-04-23T08:26:53.698Z","message":"HSM raw data","data":[{"fdtm":1745396812,"ltq":15,"name":"sf","tk":"11536","e":"nse_cm"}],"functionName":"conversion"}
{"level":"debug","datetime":"2025-04-23T08:26:55.695Z","message":"HSM raw data","data":[{"ltp":3408.9,"fdtm":1745396814,"ltq":1,"cng":94.5,"nc":2.85,"name":"sf","tk":"11536","e":"nse_cm"}],"functionName":"conversion"}
{"level":"debug","datetime":"2025-04-23T08:26:56.096Z","message":"HSM raw data","data":[{"v":2360555,"ltt":1745396813,"fdtm":1745396815,"bq":2,"bs":503,"bp":3408.8,"sp":3408.9,"tbq":141967,"tsq":149542,"to":800530296040,"name":"sf","tk":"11536","e":"nse_cm"}],"functionName":"conversion"}
{"level":"debug","datetime":"2025-04-23T08:26:57.701Z","message":"HSM raw data","data":[{"fdtm":1745396816,"ltq":6,"name":"sf","tk":"11536","e":"nse_cm"}],"functionName":"conversion"}
{"level":"debug","datetime":"2025-04-23T08:26:58.086Z","message":"HSM raw data","data":[{"ltp":3408.8,"fdtm":1745396817,"ltq":1,"cng":94.4,"nc":2.85,"name":"sf","tk":"11536","e":"nse_cm"}],"functionName":"conversion"}
{"level":"debug","datetime":"2025-04-23T08:27:01.704Z","message":"HSM raw data","data":[{"v":2360738,"ltt":1745396820,"fdtm":1745396820,"bq":1,"bs":496,"bp":3408.6,"sp":3408.8,"ltq":4,"tbq":143702,"tsq":149316,"to":800592356464,"name":"sf","tk":"11536","e":"nse_cm"}],"functionName":"conversion"}
{"level":"debug","datetime":"2025-04-23T08:27:02.091Z","message":"HSM raw data","data":[{"fdtm":1745396821,"ltq":1,"name":"sf","tk":"11536","e":"nse_cm"}],"functionName":"conversion"}
{"level":"debug","datetime":"2025-04-23T08:27:03.301Z","message":"HSM raw data","data":[{"fdtm":1745396822,"ltq":3,"name":"sf","tk":"11536","e":"nse_cm"}],"functionName":"conversion"}
{"level":"debug","datetime":"2025-04-23T08:27:04.101Z","message":"HSM raw data","data":[{"fdtm":1745396823,"ltq":25,"name":"sf","tk":"11536","e":"nse_cm"}],"functionName":"conversion"}
{"level":"debug","datetime":"2025-04-23T08:27:05.701Z","message":"HSM raw data","data":[{"fdtm":1745396825,"ltq":9,"name":"sf","tk":"11536","e":"nse_cm"}],"functionName":"conversion"}
{"level":"debug","datetime":"2025-04-23T08:27:07.719Z","message":"HSM raw data","data":[{"ltp":3408.7,"v":2361008,"ltt":1745396826,"fdtm":1745396826,"bq":250,"bs":437,"bp":3408.7,"ltq":1,"tbq":143999,"tsq":149250,"cng":94.3,"nc":2.85,"to":800683921024,"name":"sf","tk":"11536","e":"nse_cm"}],"functionName":"conversion"}
{"level":"debug","datetime":"2025-04-23T08:27:09.313Z","message":"HSM raw data","data":[{"ltp":3408.8,"fdtm":1745396828,"cng":94.4,"nc":2.85,"name":"sf","tk":"11536","e":"nse_cm"}],"functionName":"conversion"}
{"level":"debug","datetime":"2025-04-23T08:27:11.728Z","message":"HSM raw data","data":[{"fdtm":1745396831,"name":"sf","tk":"11536","e":"nse_cm"}],"functionName":"conversion"}
{"level":"debug","datetime":"2025-04-23T08:27:13.735Z","message":"HSM raw data","data":[{"ltp":3408.7,"v":2361301,"ltt":1745396832,"fdtm":1745396832,"bq":328,"bs":575,"ltq":7,"tbq":143968,"tsq":149434,"cng":94.3,"nc":2.85,"to":800783285528,"name":"sf","tk":"11536","e":"nse_cm"}],"functionName":"conversion"}
{"level":"debug","datetime":"2025-04-23T08:27:15.427Z","message":"HSM raw data","data":[{"ltp":3408.8,"fdtm":1745396834,"ltq":4,"cng":94.4,"nc":2.85,"name":"sf","tk":"11536","e":"nse_cm"}],"functionName":"conversion"}
{"level":"debug","datetime":"2025-04-23T08:27:15.836Z","message":"HSM raw data","data":[{"fdtm":1745396835,"ltq":1,"name":"sf","tk":"11536","e":"nse_cm"}],"functionName":"conversion"}
{"level":"debug","datetime":"2025-04-23T08:27:17.763Z","message":"HSM raw data","data":[{"fdtm":1745396837,"ltq":6,"name":"sf","tk":"11536","e":"nse_cm"}],"functionName":"conversion"}
{"level":"debug","datetime":"2025-04-23T08:27:19.073Z","message":"HSM raw data","data":[{"v":2362046,"ltt":1745396837,"fdtm":1745396838,"bq":196,"bs":78,"ltq":1,"tbq":143783,"tsq":149452,"ap":3391.29,"to":801038297934,"name":"sf","tk":"11536","e":"nse_cm"}],"functionName":"conversion"}
{"level":"debug","datetime":"2025-04-23T08:27:19.849Z","message":"HSM raw data","data":[{"ltp":3408.7,"ltq":60,"cng":94.3,"nc":2.85,"name":"sf","tk":"11536","e":"nse_cm"}],"functionName":"conversion"}
{"level":"debug","datetime":"2025-04-23T08:27:21.386Z","message":"HSM raw data","data":[{"fdtm":1745396840,"ltq":175,"name":"sf","tk":"11536","e":"nse_cm"}],"functionName":"conversion"}
{"level":"debug","datetime":"2025-04-23T08:27:21.860Z","message":"HSM raw data","data":[{"ltp":3408.8,"fdtm":1745396841,"ltq":1,"cng":94.4,"nc":2.85,"name":"sf","tk":"11536","e":"nse_cm"}],"functionName":"conversion"}
{"level":"debug","datetime":"2025-04-23T08:27:23.394Z","message":"HSM raw data","data":[{"ltp":3408.7,"fdtm":1745396842,"ltq":13,"cng":94.3,"nc":2.85,"name":"sf","tk":"11536","e":"nse_cm"}],"functionName":"conversion"}
{"level":"debug","datetime":"2025-04-23T08:27:25.009Z","message":"HSM raw data","data":[{"ltp":3408.9,"v":2362572,"ltt":1745396843,"fdtm":1745396844,"bq":29,"bs":2,"ltq":1,"tbq":143738,"tsq":150154,"cng":94.5,"nc":2.85,"to":801216679788,"name":"sf","tk":"11536","e":"nse_cm"}],"functionName":"conversion"}
{"level":"debug","datetime":"2025-04-23T08:27:25.804Z","message":"HSM raw data","data":[{"ltp":3408.8,"fdtm":1745396845,"ltq":2,"cng":94.4,"nc":2.85,"name":"sf","tk":"11536","e":"nse_cm"}],"functionName":"conversion"}
{"level":"debug","datetime":"2025-04-23T08:27:27.810Z","message":"HSM raw data","data":[{"ltp":3409.2,"fdtm":1745396847,"ltq":37,"cng":94.8,"nc":2.86,"name":"sf","tk":"11536","e":"nse_cm"}],"functionName":"conversion"}
{"level":"debug","datetime":"2025-04-23T08:27:29.420Z","message":"HSM raw data","data":[{"ltp":3408.7,"fdtm":1745396848,"ltq":35,"cng":94.3,"nc":2.85,"name":"sf","tk":"11536","e":"nse_cm"}],"functionName":"conversion"}
{"level":"debug","datetime":"2025-04-23T08:27:30.621Z","message":"HSM raw data","data":[{"ltp":3408.8,"v":2363127,"ltt":1745396849,"fdtm":1745396849,"bq":1,"bs":137,"bp":3408.8,"sp":3408.9,"ltq":1,"tbq":144026,"tsq":149688,"ap":3391.3,"cng":94.4,"nc":2.85,"to":801407259510,"name":"sf","tk":"11536","e":"nse_cm"}],"functionName":"conversion"}
{"level":"debug","datetime":"2025-04-23T08:27:31.822Z","message":"HSM raw data","data":[{"ltp":3409.2,"fdtm":1745396850,"ltq":109,"cng":94.8,"nc":2.86,"name":"sf","tk":"11536","e":"nse_cm"}],"functionName":"conversion"}
{"level":"debug","datetime":"2025-04-23T08:27:33.423Z","message":"HSM raw data","data":[{"ltp":3408.8,"fdtm":1745396852,"ltq":155,"cng":94.4,"nc":2.85,"name":"sf","tk":"11536","e":"nse_cm"}],"functionName":"conversion"}
{"level":"debug","datetime":"2025-04-23T08:27:35.435Z","message":"HSM raw data","data":[{"ltp":3409,"fdtm":1745396854,"ltq":1,"cng":94.6,"nc":2.85,"name":"sf","tk":"11536","e":"nse_cm"}],"functionName":"conversion"}
{"level":"debug","datetime":"2025-04-23T08:27:36.716Z","message":"HSM raw data","data":[{"v":2363811,"ltt":1745396855,"fdtm":1745396855,"bq":15,"bs":175,"bp":3409,"sp":3409.1,"ltq":25,"tbq":144148,"tsq":149532,"to":801639224430,"name":"sf","tk":"11536","e":"nse_cm"}],"functionName":"conversion"}
{"level":"debug","datetime":"2025-04-23T08:27:37.428Z","message":"HSM raw data","data":[{"ltp":3408.9,"fdtm":1745396856,"ltq":64,"cng":94.5,"nc":2.85,"name":"sf","tk":"11536","e":"nse_cm"}],"functionName":"conversion"}
{"level":"debug","datetime":"2025-04-23T08:27:39.514Z","message":"HSM raw data","data":[{"ltp":3409.1,"fdtm":1745396858,"ltq":7,"cng":94.7,"nc":2.86,"name":"sf","tk":"11536","e":"nse_cm"}],"functionName":"conversion"}
{"level":"debug","datetime":"2025-04-23T08:27:41.423Z","message":"HSM raw data","data":[{"ltp":3408.7,"fdtm":1745396860,"ltq":42,"cng":94.3,"nc":2.85,"name":"sf","tk":"11536","e":"nse_cm"}],"functionName":"conversion"}
{"level":"debug","datetime":"2025-04-23T08:27:41.823Z","message":"HSM raw data","data":[{"ltp":3409.3,"fdtm":1745396861,"ltq":15,"cng":94.9,"nc":2.86,"name":"sf","tk":"11536","e":"nse_cm"}],"functionName":"conversion"}
{"level":"debug","datetime":"2025-04-23T08:27:42.321Z","message":"HSM raw data","data":[{"v":2364639,"ltt":1745396860,"bq":22,"bs":15,"sp":3409.3,"tbq":144127,"tsq":149152,"ap":3391.31,"to":801922388709,"name":"sf","tk":"11536","e":"nse_cm"}],"functionName":"conversion"}
{"level":"debug","datetime":"2025-04-23T08:27:45.539Z","message":"HSM raw data","data":[{"ltp":3409.6,"fdtm":1745396864,"ltq":1,"cng":95.2,"nc":2.87,"name":"sf","tk":"11536","e":"nse_cm"}],"functionName":"conversion"}
{"level":"debug","datetime":"2025-04-23T08:27:47.531Z","message":"HSM raw data","data":[{"ltp":3409.3,"fdtm":1745396866,"ltq":2,"cng":94.9,"nc":2.86,"name":"sf","tk":"11536","e":"nse_cm"}],"functionName":"conversion"}
{"level":"debug","datetime":"2025-04-23T08:27:47.937Z","message":"HSM raw data","data":[{"v":2364849,"ltt":1745396866,"bq":31,"bs":12,"bp":3408.9,"sp":3409.7,"tbq":144018,"tsq":148598,"to":801993606219,"name":"sf","tk":"11536","e":"nse_cm"}],"functionName":"conversion"}
{"level":"debug","datetime":"2025-04-23T08:27:49.540Z","message":"HSM raw data","data":[{"ltp":3409.7,"fdtm":1745396868,"ltq":7,"cng":95.3,"nc":2.88,"name":"sf","tk":"11536","e":"nse_cm"}],"functionName":"conversion"}
{"level":"debug","datetime":"2025-04-23T08:27:51.547Z","message":"HSM raw data","data":[{"fdtm":1745396870,"ltq":4,"name":"sf","tk":"11536","e":"nse_cm"}],"functionName":"conversion"}
{"level":"debug","datetime":"2025-04-23T08:27:51.947Z","message":"HSM raw data","data":[{"ltp":3409.5,"fdtm":1745396871,"ltq":10,"cng":95.1,"nc":2.87,"name":"sf","tk":"11536","e":"nse_cm"}],"functionName":"conversion"}
{"level":"debug","datetime":"2025-04-23T08:27:53.146Z","message":"HSM raw data","data":[{"v":2365058,"ltt":1745396871,"fdtm":1745396872,"bq":5,"bs":488,"bp":3409.5,"ltq":2,"tbq":144478,"tsq":147959,"to":802064484598,"name":"sf","tk":"11536","e":"nse_cm"}],"functionName":"conversion"}
{"level":"debug","datetime":"2025-04-23T08:27:53.960Z","message":"HSM raw data","data":[{"ltp":3409.7,"fdtm":1745396873,"ltq":7,"cng":95.3,"nc":2.88,"name":"sf","tk":"11536","e":"nse_cm"}],"functionName":"conversion"}
{"level":"debug","datetime":"2025-04-23T08:27:55.573Z","message":"HSM raw data","data":[{"ltp":3409.5,"fdtm":1745396874,"ltq":175,"cng":95.1,"nc":2.87,"name":"sf","tk":"11536","e":"nse_cm"}],"functionName":"conversion"}
{"level":"debug","datetime":"2025-04-23T08:27:55.984Z","message":"HSM raw data","data":[{"ltp":3409,"fdtm":1745396875,"ltq":60,"cng":94.6,"nc":2.85,"name":"sf","tk":"11536","e":"nse_cm"}],"functionName":"conversion"}
{"level":"debug","datetime":"2025-04-23T08:27:57.988Z","message":"HSM raw data","data":[{"ltp":3409.9,"fdtm":1745396877,"ltq":132,"cng":95.5,"nc":2.88,"name":"sf","tk":"11536","e":"nse_cm"}],"functionName":"conversion"}
{"level":"debug","datetime":"2025-04-23T08:27:58.798Z","message":"HSM raw data","data":[{"v":2366286,"ltt":1745396877,"bq":913,"bs":98,"bp":3409,"sp":3409.9,"tbq":144029,"tsq":148454,"ap":3391.32,"to":802483303752,"name":"sf","tk":"11536","e":"nse_cm"}],"functionName":"conversion"}
{"level":"debug","datetime":"2025-04-23T08:27:59.196Z","message":"HSM raw data","data":[{"fdtm":1745396878,"bq":901,"bs":5,"sp":3409.6,"tbq":144032,"tsq":148438,"name":"sf","tk":"11536","e":"nse_cm"}],"functionName":"conversion"}
{"level":"debug","datetime":"2025-04-23T08:28:00.070Z","message":"HSM raw data","data":[{"ltp":3409.6,"fdtm":1745396879,"ltq":5,"cng":95.2,"nc":2.87,"name":"sf","tk":"11536","e":"nse_cm"}],"functionName":"conversion"}
{"level":"debug","datetime":"2025-04-23T08:28:03.706Z","message":"HSM raw data","data":[{"ltp":3409,"fdtm":1745396882,"ltq":58,"cng":94.6,"nc":2.85,"name":"sf","tk":"11536","e":"nse_cm"}],"functionName":"conversion"}
{"level":"debug","datetime":"2025-04-23T08:28:04.521Z","message":"HSM raw data","data":[{"ltp":3409.9,"v":2366384,"ltt":1745396883,"fdtm":1745396883,"bq":856,"bs":97,"sp":3409.9,"ltq":1,"tbq":144007,"tsq":148672,"cng":95.5,"nc":2.88,"to":802516538688,"name":"sf","tk":"11536","e":"nse_cm"}],"functionName":"conversion"}
{"level":"debug","datetime":"2025-04-23T08:28:04.853Z","message":"HSM raw data","data":[{"v":2366516,"bs":98,"ltq":132,"tbq":144064,"tsq":148620,"to":802561304112,"name":"sf","tk":"11536","e":"nse_cm"}],"functionName":"conversion"}
{"level":"debug","datetime":"2025-04-23T08:28:05.739Z","message":"HSM raw data","data":[{"fdtm":1745396884,"ltq":3,"name":"sf","tk":"11536","e":"nse_cm"}],"functionName":"conversion"}
{"level":"debug","datetime":"2025-04-23T08:28:06.070Z","message":"HSM raw data","data":[{"fdtm":1745396885,"ltq":9,"name":"sf","tk":"11536","e":"nse_cm"}],"functionName":"conversion"}
{"level":"debug","datetime":"2025-04-23T08:28:07.670Z","message":"HSM raw data","data":[{"ltp":3409.5,"fdtm":1745396886,"ltq":3,"cng":95.1,"nc":2.87,"name":"sf","tk":"11536","e":"nse_cm"}],"functionName":"conversion"}
{"level":"debug","datetime":"2025-04-23T08:28:09.769Z","message":"HSM raw data","data":[{"ltp":3409.6,"fdtm":1745396888,"ltq":1,"cng":95.2,"nc":2.87,"name":"sf","tk":"11536","e":"nse_cm"}],"functionName":"conversion"}
{"level":"debug","datetime":"2025-04-23T08:28:10.800Z","message":"HSM raw data","data":[{"v":2366871,"ltt":1745396889,"fdtm":1745396889,"bq":8,"bs":181,"bp":3409.5,"sp":3409.6,"ltq":15,"tbq":144113,"tsq":148507,"to":802681695972,"name":"sf","tk":"11536","e":"nse_cm"}],"functionName":"conversion"}
{"level":"debug","datetime":"2025-04-23T08:28:11.602Z","message":"HSM raw data","data":[{"ltp":3409.5,"fdtm":1745396890,"ltq":169,"cng":95.1,"nc":2.87,"name":"sf","tk":"11536","e":"nse_cm"}],"functionName":"conversion"}
{"level":"debug","datetime":"2025-04-23T08:28:13.192Z","message":"HSM raw data","data":[{"ltp":3409,"fdtm":1745396892,"ltq":106,"cng":94.6,"nc":2.85,"name":"sf","tk":"11536","e":"nse_cm"}],"functionName":"conversion"}
{"level":"debug","datetime":"2025-04-23T08:28:13.997Z","message":"HSM raw data","data":[{"ltp":3409.6,"fdtm":1745396893,"ltq":6,"cng":95.2,"nc":2.87,"name":"sf","tk":"11536","e":"nse_cm"}],"functionName":"conversion"}
{"level":"debug","datetime":"2025-04-23T08:28:15.599Z","message":"HSM raw data","data":[{"ltp":3409.8,"fdtm":1745396894,"ltq":5,"cng":95.4,"nc":2.88,"name":"sf","tk":"11536","e":"nse_cm"}],"functionName":"conversion"}
{"level":"debug","datetime":"2025-04-23T08:28:16.398Z","message":"HSM raw data","data":[{"v":2367258,"ltt":1745396893,"fdtm":1745396895,"bq":9,"bs":179,"sp":3409.8,"tbq":143979,"tsq":148743,"ap":3391.33,"to":802815307314,"name":"sf","tk":"11536","e":"nse_cm"}],"functionName":"conversion"}
{"level":"debug","datetime":"2025-04-23T08:28:17.607Z","message":"HSM raw data","data":[{"fdtm":1745396896,"ltq":6,"name":"sf","tk":"11536","e":"nse_cm"}],"functionName":"conversion"}
{"level":"debug","datetime":"2025-04-23T08:28:18.108Z","message":"HSM raw data","data":[{"fdtm":1745396897,"ltq":2,"name":"sf","tk":"11536","e":"nse_cm"}],"functionName":"conversion"}
{"level":"debug","datetime":"2025-04-23T08:28:19.315Z","message":"HSM raw data","data":[{"fdtm":1745396898,"ltq":4,"name":"sf","tk":"11536","e":"nse_cm"}],"functionName":"conversion"}
{"level":"debug","datetime":"2025-04-23T08:28:21.719Z","message":"HSM raw data","data":[{"ltp":3409.1,"fdtm":1745396900,"ltq":5,"cng":94.7,"nc":2.86,"name":"sf","tk":"11536","e":"nse_cm"}],"functionName":"conversion"}
{"level":"debug","datetime":"2025-04-23T08:28:22.014Z","message":"HSM raw data","data":[{"v":2367500,"ltt":1745396900,"fdtm":1745396901,"bq":3,"bs":169,"tbq":144261,"tsq":149299,"to":802897377500,"name":"sf","tk":"11536","e":"nse_cm"}],"functionName":"conversion"}
{"level":"debug","datetime":"2025-04-23T08:28:23.628Z","message":"HSM raw data","data":[{"fdtm":1745396902,"ltq":62,"name":"sf","tk":"11536","e":"nse_cm"}],"functionName":"conversion"}
{"level":"debug","datetime":"2025-04-23T08:28:25.348Z","message":"HSM raw data","data":[{"ltp":3409.8,"fdtm":1745396904,"ltq":1,"cng":95.4,"nc":2.88,"name":"sf","tk":"11536","e":"nse_cm"}],"functionName":"conversion"}
{"level":"debug","datetime":"2025-04-23T08:28:27.247Z","message":"HSM raw data","data":[{"v":2367618,"ltt":1745396903,"fdtm":1745396906,"bq":4,"bs":161,"tbq":144330,"tsq":149300,"to":802937395194,"name":"sf","tk":"11536","e":"nse_cm"}],"functionName":"conversion"}
{"level":"debug","datetime":"2025-04-23T08:28:27.756Z","message":"HSM raw data","data":[{"bq":2,"bs":171,"bp":3409.7,"tbq":144410,"tsq":149276,"name":"sf","tk":"11536","e":"nse_cm"}],"functionName":"conversion"}
{"level":"debug","datetime":"2025-04-23T08:28:29.762Z","message":"HSM raw data","data":[{"ltp":3409.5,"fdtm":1745396908,"ltq":4,"cng":95.1,"nc":2.87,"name":"sf","tk":"11536","e":"nse_cm"}],"functionName":"conversion"}
{"level":"debug","datetime":"2025-04-23T08:28:32.570Z","message":"HSM raw data","data":[{"v":2367673,"ltt":1745396911,"fdtm":1745396911,"bq":14,"bs":12,"bp":3409.4,"sp":3409.6,"ltq":5,"tbq":144219,"tsq":147669,"to":802956047509,"name":"sf","tk":"11536","e":"nse_cm"}],"functionName":"conversion"}
{"level":"debug","datetime":"2025-04-23T08:28:33.363Z","message":"HSM raw data","data":[{"fdtm":1745396912,"bq":1,"bp":3409.5,"tbq":144177,"tsq":149370,"name":"sf","tk":"11536","e":"nse_cm"}],"functionName":"conversion"}
{"level":"debug","datetime":"2025-04-23T08:28:33.774Z","message":"HSM raw data","data":[{"ltp":3409.3,"fdtm":1745396913,"ltq":161,"cng":94.9,"nc":2.86,"name":"sf","tk":"11536","e":"nse_cm"}],"functionName":"conversion"}
{"level":"debug","datetime":"2025-04-23T08:28:35.794Z","message":"HSM raw data","data":[{"ltp":3409.6,"fdtm":1745396915,"ltq":10,"cng":95.2,"nc":2.87,"name":"sf","tk":"11536","e":"nse_cm"}],"functionName":"conversion"}
{"level":"debug","datetime":"2025-04-23T08:28:37.397Z","message":"HSM raw data","data":[{"ltp":3409.1,"fdtm":1745396916,"ltq":28,"cng":94.7,"nc":2.86,"name":"sf","tk":"11536","e":"nse_cm"}],"functionName":"conversion"}
{"level":"debug","datetime":"2025-04-23T08:28:38.204Z","message":"HSM raw data","data":[{"v":2368409,"ltt":1745396916,"fdtm":1745396917,"bq":41,"bs":1,"tbq":144530,"tsq":149411,"ap":3391.34,"to":803208017806,"name":"sf","tk":"11536","e":"nse_cm"}],"functionName":"conversion"}
{"level":"debug","datetime":"2025-04-23T08:28:38.687Z","message":"HSM raw data","data":[{"ltp":3409.6,"v":2368620,"ltt":1745396917,"bq":8,"bs":183,"bp":3409.6,"sp":3409.8,"ltq":36,"tbq":144145,"tsq":149446,"cng":95.2,"nc":2.87,"to":803279575080,"name":"sf","tk":"11536","e":"nse_cm"}],"functionName":"conversion"}
{"level":"debug","datetime":"2025-04-23T08:28:41.773Z","message":"HSM raw data","data":[{"ltp":3409.8,"fdtm":1745396921,"ltq":1,"cng":95.4,"nc":2.88,"name":"sf","tk":"11536","e":"nse_cm"}],"functionName":"conversion"}
{"level":"debug","datetime":"2025-04-23T08:28:43.549Z","message":"HSM raw data","data":[{"ltp":3409.7,"fdtm":1745396922,"cng":95.3,"nc":2.88,"name":"sf","tk":"11536","e":"nse_cm"}],"functionName":"conversion"}
{"level":"debug","datetime":"2025-04-23T08:28:43.860Z","message":"HSM raw data","data":[{"v":2368648,"ltt":1745396921,"bs":177,"tbq":144481,"tsq":149236,"to":803289070832,"name":"sf","tk":"11536","e":"nse_cm"}],"functionName":"conversion"}
{"level":"debug","datetime":"2025-04-23T08:28:44.280Z","message":"HSM raw data","data":[{"fdtm":1745396923,"bq":1,"bp":3409.7,"tbq":144506,"tsq":149389,"name":"sf","tk":"11536","e":"nse_cm"}],"functionName":"conversion"}
{"level":"debug","datetime":"2025-04-23T08:28:45.575Z","message":"HSM raw data","data":[{"ltp":3409.4,"fdtm":1745396924,"ltq":5,"cng":95,"nc":2.87,"name":"sf","tk":"11536","e":"nse_cm"}],"functionName":"conversion"}
{"level":"debug","datetime":"2025-04-23T08:28:47.912Z","message":"HSM raw data","data":[{"ltp":3409.8,"fdtm":1745396927,"ltq":1,"cng":95.4,"nc":2.88,"name":"sf","tk":"11536","e":"nse_cm"}],"functionName":"conversion"}
{"level":"debug","datetime":"2025-04-23T08:28:49.521Z","message":"HSM raw data","data":[{"ltp":3409.6,"v":2368854,"ltt":1745396928,"fdtm":1745396928,"bq":387,"bs":17,"bp":3409,"sp":3409.6,"ltq":5,"tbq":144573,"tsq":149196,"cng":95.2,"nc":2.87,"to":803358932436,"name":"sf","tk":"11536","e":"nse_cm"}],"functionName":"conversion"}
{"level":"debug","datetime":"2025-04-23T08:28:50.267Z","message":"HSM raw data","data":[{"fdtm":1745396929,"bq":2,"bs":6,"bp":3409.3,"tbq":144584,"tsq":149228,"name":"sf","tk":"11536","e":"nse_cm"}],"functionName":"conversion"}
{"level":"debug","datetime":"2025-04-23T08:28:51.462Z","message":"HSM raw data","data":[{"ltp":3409.3,"fdtm":1745396930,"ltq":8,"cng":94.9,"nc":2.86,"name":"sf","tk":"11536","e":"nse_cm"}],"functionName":"conversion"}
{"level":"debug","datetime":"2025-04-23T08:28:51.859Z","message":"HSM raw data","data":[{"fdtm":1745396931,"ltq":11,"name":"sf","tk":"11536","e":"nse_cm"}],"functionName":"conversion"}
{"level":"debug","datetime":"2025-04-23T08:28:53.965Z","message":"HSM raw data","data":[{"ltp":3409,"fdtm":1745396933,"ltq":26,"cng":94.6,"nc":2.85,"name":"sf","tk":"11536","e":"nse_cm"}],"functionName":"conversion"}
{"level":"debug","datetime":"2025-04-23T08:28:55.065Z","message":"HSM raw data","data":[{"ltp":3409.6,"v":2369208,"ltt":1745396933,"fdtm":1745396934,"bq":78,"bs":8,"bp":3409,"ltq":1,"tbq":144497,"tsq":149226,"cng":95.2,"nc":2.87,"to":803478985872,"name":"sf","tk":"11536","e":"nse_cm"}],"functionName":"conversion"}
{"level":"debug","datetime":"2025-04-23T08:28:55.463Z","message":"HSM raw data","data":[{"tsq":149205,"name":"sf","tk":"11536","e":"nse_cm"}],"functionName":"conversion"}
{"level":"debug","datetime":"2025-04-23T08:28:57.468Z","message":"HSM raw data","data":[{"ltp":3409.3,"fdtm":1745396936,"ltq":5,"cng":94.9,"nc":2.86,"name":"sf","tk":"11536","e":"nse_cm"}],"functionName":"conversion"}
{"level":"debug","datetime":"2025-04-23T08:29:00.680Z","message":"HSM raw data","data":[{"v":2369219,"ltt":1745396939,"fdtm":1745396939,"bq":187,"bs":4,"bp":3409.3,"sp":3409.5,"ltq":1,"tbq":143997,"tsq":149488,"to":803482716346,"name":"sf","tk":"11536","e":"nse_cm"}],"functionName":"conversion"}
{"level":"debug","datetime":"2025-04-23T08:29:01.080Z","message":"HSM raw data","data":[{"fdtm":1745396940,"bq":1,"bp":3409.4,"tbq":144012,"tsq":149489,"name":"sf","tk":"11536","e":"nse_cm"}],"functionName":"conversion"}
{"level":"debug","datetime":"2025-04-23T08:29:01.482Z","message":"HSM raw data","data":[{"ltp":3409.1,"ltq":10,"cng":94.7,"nc":2.86,"name":"sf","tk":"11536","e":"nse_cm"}],"functionName":"conversion"}
{"level":"debug","datetime":"2025-04-23T08:29:03.475Z","message":"HSM raw data","data":[{"ltp":3409.8,"fdtm":1745396942,"cng":95.4,"nc":2.88,"name":"sf","tk":"11536","e":"nse_cm"}],"functionName":"conversion"}
{"level":"debug","datetime":"2025-04-23T08:29:05.493Z","message":"HSM raw data","data":[{"ltp":3409.5,"fdtm":1745396944,"ltq":1,"cng":95.1,"nc":2.87,"name":"sf","tk":"11536","e":"nse_cm"}],"functionName":"conversion"}
{"level":"debug","datetime":"2025-04-23T08:29:05.893Z","message":"HSM raw data","data":[{"ltp":3409.6,"fdtm":1745396945,"ltq":8,"cng":95.2,"nc":2.87,"name":"sf","tk":"11536","e":"nse_cm"}],"functionName":"conversion"}
{"level":"debug","datetime":"2025-04-23T08:29:06.288Z","message":"HSM raw data","data":[{"v":2369753,"ltt":1745396945,"bq":16,"bs":153,"bp":3409.3,"sp":3409.6,"ltq":5,"tbq":143704,"tsq":149764,"ap":3391.35,"to":803666183655,"name":"sf","tk":"11536","e":"nse_cm"}],"functionName":"conversion"}
{"level":"debug","datetime":"2025-04-23T08:29:06.792Z","message":"HSM raw data","data":[{"ltp":3409.5,"v":2370081,"bq":23,"bs":179,"bp":3409.5,"sp":3409.8,"tbq":143755,"tsq":149665,"cng":95.1,"nc":2.87,"to":803777419935,"name":"sf","tk":"11536","e":"nse_cm"}],"functionName":"conversion"}
{"level":"debug","datetime":"2025-04-23T08:29:07.492Z","message":"HSM raw data","data":[{"ltp":3409,"fdtm":1745396946,"ltq":6,"cng":94.6,"nc":2.85,"name":"sf","tk":"11536","e":"nse_cm"}],"functionName":"conversion"}
{"level":"debug","datetime":"2025-04-23T08:29:09.495Z","message":"HSM raw data","data":[{"ltp":3409.5,"fdtm":1745396948,"ltq":8,"cng":95.1,"nc":2.87,"name":"sf","tk":"11536","e":"nse_cm"}],"functionName":"conversion"}
{"level":"debug","datetime":"2025-04-23T08:29:09.887Z","message":"HSM raw data","data":[{"ltp":3409,"fdtm":1745396949,"ltq":27,"cng":94.6,"nc":2.85,"name":"sf","tk":"11536","e":"nse_cm"}],"functionName":"conversion"}
{"level":"debug","datetime":"2025-04-23T08:29:11.501Z","message":"HSM raw data","data":[{"ltp":3409.6,"fdtm":1745396950,"ltq":20,"cng":95.2,"nc":2.87,"name":"sf","tk":"11536","e":"nse_cm"}],"functionName":"conversion"}
{"level":"debug","datetime":"2025-04-23T08:29:11.901Z","message":"HSM raw data","data":[{"ltp":3409.8,"fdtm":1745396951,"ltq":96,"cng":95.4,"nc":2.88,"name":"sf","tk":"11536","e":"nse_cm"}],"functionName":"conversion"}
{"level":"debug","datetime":"2025-04-23T08:29:12.292Z","message":"HSM raw data","data":[{"v":2370452,"ltt":1745396950,"bq":478,"bs":20,"bp":3409,"tbq":144546,"tsq":149632,"to":803903239020,"name":"sf","tk":"11536","e":"nse_cm"}],"functionName":"conversion"}
{"level":"debug","datetime":"2025-04-23T08:29:12.802Z","message":"HSM raw data","data":[{"bq":4,"bs":21,"bp":3409.4,"tbq":144783,"tsq":149589,"name":"sf","tk":"11536","e":"nse_cm"}],"functionName":"conversion"}
{"level":"debug","datetime":"2025-04-23T08:29:13.503Z","message":"HSM raw data","data":[{"fdtm":1745396952,"ltq":5,"name":"sf","tk":"11536","e":"nse_cm"}],"functionName":"conversion"}
{"level":"debug","datetime":"2025-04-23T08:29:13.888Z","message":"HSM raw data","data":[{"fdtm":1745396953,"ltq":1,"name":"sf","tk":"11536","e":"nse_cm"}],"functionName":"conversion"}
{"level":"debug","datetime":"2025-04-23T08:29:17.542Z","message":"HSM raw data","data":[{"ltp":3409.3,"fdtm":1745396956,"ltq":5,"cng":94.9,"nc":2.86,"name":"sf","tk":"11536","e":"nse_cm"}],"functionName":"conversion"}
{"level":"debug","datetime":"2025-04-23T08:29:18.025Z","message":"HSM raw data","data":[{"v":2370525,"ltt":1745396955,"fdtm":1745396957,"bq":1,"bs":8,"bp":3409.7,"tbq":144538,"tsq":147752,"to":803927995875,"name":"sf","tk":"11536","e":"nse_cm"}],"functionName":"conversion"}
{"level":"debug","datetime":"2025-04-23T08:29:18.347Z","message":"HSM raw data","data":[{"ltp":3409.9,"v":2371049,"ltt":1745396957,"bq":82,"bs":92,"bp":3409.4,"sp":3409.9,"ltq":6,"tbq":144666,"tsq":149131,"ap":3391.36,"cng":95.5,"nc":2.88,"to":804108073664,"name":"sf","tk":"11536","e":"nse_cm"}],"functionName":"conversion"}
{"level":"debug","datetime":"2025-04-23T08:29:19.569Z","message":"HSM raw data","data":[{"ltp":3410.2,"fdtm":1745396958,"cng":95.8,"nc":2.89,"name":"sf","tk":"11536","e":"nse_cm"}],"functionName":"conversion"}
{"level":"debug","datetime":"2025-04-23T08:29:19.975Z","message":"HSM raw data","data":[{"ltp":3409.8,"fdtm":1745396959,"ltq":1,"cng":95.4,"nc":2.88,"name":"sf","tk":"11536","e":"nse_cm"}],"functionName":"conversion"}
{"level":"debug","datetime":"2025-04-23T08:29:23.219Z","message":"HSM raw data","data":[{"v":2372375,"ltt":1745396961,"fdtm":1745396962,"bq":194,"bs":33,"bp":3410,"sp":3410.3,"ltq":7,"tbq":145886,"tsq":147046,"ap":3391.37,"to":804560140375,"name":"sf","tk":"11536","e":"nse_cm"}],"functionName":"conversion"}
{"level":"debug","datetime":"2025-04-23T08:29:23.700Z","message":"HSM raw data","data":[{"ltp":3410.2,"ltq":38,"cng":95.8,"nc":2.89,"name":"sf","tk":"11536","e":"nse_cm"}],"functionName":"conversion"}
{"level":"debug","datetime":"2025-04-23T08:29:24.023Z","message":"HSM raw data","data":[{"ltp":3410.3,"v":2372413,"ltt":1745396962,"fdtm":1745396963,"bq":14,"bp":3410.2,"ltq":4,"tbq":145875,"tsq":146816,"cng":95.9,"nc":2.89,"to":804573027581,"name":"sf","tk":"11536","e":"nse_cm"}],"functionName":"conversion"}
{"level":"debug","datetime":"2025-04-23T08:29:25.642Z","message":"HSM raw data","data":[{"ltp":3410.4,"fdtm":1745396964,"ltq":14,"cng":96,"nc":2.9,"name":"sf","tk":"11536","e":"nse_cm"}],"functionName":"conversion"}
{"level":"debug","datetime":"2025-04-23T08:29:26.051Z","message":"HSM raw data","data":[{"ltp":3410.5,"fdtm":1745396965,"ltq":1,"cng":96.1,"nc":2.9,"name":"sf","tk":"11536","e":"nse_cm"}],"functionName":"conversion"}
{"level":"debug","datetime":"2025-04-23T08:29:27.642Z","message":"HSM raw data","data":[{"ltp":3410.2,"fdtm":1745396966,"ltq":10,"cng":95.8,"nc":2.89,"name":"sf","tk":"11536","e":"nse_cm"}],"functionName":"conversion"}
{"level":"debug","datetime":"2025-04-23T08:29:28.840Z","message":"HSM raw data","data":[{"v":2372541,"ltt":1745396966,"fdtm":1745396968,"bq":1,"bs":24,"bp":3410.3,"sp":3410.5,"tbq":145628,"tsq":146688,"to":804616437117,"name":"sf","tk":"11536","e":"nse_cm"}],"functionName":"conversion"}
{"level":"debug","datetime":"2025-04-23T08:29:29.179Z","message":"HSM raw data","data":[{"bq":2,"bp":3410.4,"tbq":145534,"tsq":146709,"name":"sf","tk":"11536","e":"nse_cm"}],"functionName":"conversion"}
{"level":"debug","datetime":"2025-04-23T08:29:29.750Z","message":"HSM raw data","data":[{"ltp":3410.5,"ltq":30,"cng":96.1,"nc":2.9,"name":"sf","tk":"11536","e":"nse_cm"}],"functionName":"conversion"}
{"level":"debug","datetime":"2025-04-23T08:29:31.704Z","message":"HSM raw data","data":[{"fdtm":1745396970,"ltq":1,"name":"sf","tk":"11536","e":"nse_cm"}],"functionName":"conversion"}
{"level":"debug","datetime":"2025-04-23T08:29:31.995Z","message":"HSM raw data","data":[{"ltp":3410.9,"fdtm":1745396971,"ltq":41,"cng":96.5,"nc":2.91,"name":"sf","tk":"11536","e":"nse_cm"}],"functionName":"conversion"}
